<?xml version="1.0" encoding="UTF-8"?>
<testng-results ignored="0" total="1" passed="1" failed="0" skipped="0">
  <reporter-output>
  </reporter-output>
  <suite started-at="2024-03-22T10:44:33 IST" name="Surefire suite" finished-at="2024-03-22T10:44:38 IST" duration-ms="5179">
    <groups>
    </groups>
    <test started-at="2024-03-22T10:44:33 IST" name="Surefire test" finished-at="2024-03-22T10:44:38 IST" duration-ms="5179">
      <class name="Parametters.NewTest">
        <test-method is-config="true" signature="extentLaunch()[pri:0, instance:Parametters.NewTest@18ce0030]" started-at="2024-03-22T10:44:32 IST" name="extentLaunch" finished-at="2024-03-22T10:44:33 IST" duration-ms="219" status="PASS">
          <reporter-output>
          </reporter-output>
        </test-method> <!-- extentLaunch -->
        <test-method signature="f()[pri:0, instance:Parametters.NewTest@18ce0030]" started-at="2024-03-22T10:44:33 IST" name="f" finished-at="2024-03-22T10:44:38 IST" duration-ms="5144" status="PASS">
          <reporter-output>
          </reporter-output>
        </test-method> <!-- f -->
        <test-method is-config="true" signature="finOper()[pri:0, instance:Parametters.NewTest@18ce0030]" started-at="2024-03-22T10:44:38 IST" name="finOper" finished-at="2024-03-22T10:44:38 IST" duration-ms="425" status="PASS">
          <reporter-output>
          </reporter-output>
        </test-method> <!-- finOper -->
      </class> <!-- Parametters.NewTest -->
    </test> <!-- Surefire test -->
  </suite> <!-- Surefire suite -->
</testng-results>
