<?xml version="1.0" encoding="UTF-8"?>
<testng-results ignored="0" total="1" passed="1" failed="0" skipped="0">
  <reporter-output>
  </reporter-output>
  <suite started-at="2024-03-13T15:50:56 IST" name="Default suite" finished-at="2024-03-13T15:51:03 IST" duration-ms="7039">
    <groups>
    </groups>
    <test started-at="2024-03-13T15:50:56 IST" name="Default test" finished-at="2024-03-13T15:51:03 IST" duration-ms="7039">
      <class name="Parametters.NewTest">
        <test-method is-config="true" signature="extentLaunch()[pri:0, instance:Parametters.NewTest@6d4d66d2]" started-at="2024-03-13T15:50:56 IST" name="extentLaunch" finished-at="2024-03-13T15:50:56 IST" duration-ms="318" status="PASS">
          <reporter-output>
          </reporter-output>
        </test-method> <!-- extentLaunch -->
        <test-method signature="f()[pri:0, instance:Parametters.NewTest@6d4d66d2]" started-at="2024-03-13T15:50:56 IST" name="f" finished-at="2024-03-13T15:51:03 IST" duration-ms="7007" status="PASS">
          <reporter-output>
          </reporter-output>
        </test-method> <!-- f -->
        <test-method is-config="true" signature="finOper()[pri:0, instance:Parametters.NewTest@6d4d66d2]" started-at="2024-03-13T15:51:03 IST" name="finOper" finished-at="2024-03-13T15:51:04 IST" duration-ms="698" status="PASS">
          <reporter-output>
          </reporter-output>
        </test-method> <!-- finOper -->
      </class> <!-- Parametters.NewTest -->
    </test> <!-- Default test -->
  </suite> <!-- Default suite -->
</testng-results>
